<?xml version="1.0" encoding="UTF-8" ?>
<testsuite failures="0" time="2.02" errors="0" skipped="0" tests="1" name="com.towne.framework.hibernate.service.impl.EmployeeServiceImplTest">
  <properties>
    <property name="jboss.i18n.generate-proxies" value="true"/>
    <property name="java.runtime.name" value="Java(TM) SE Runtime Environment"/>
    <property name="sun.boot.library.path" value="/System/Library/Java/JavaVirtualMachines/1.6.0.jdk/Contents/Libraries"/>
    <property name="java.vm.version" value="20.12-b01-434"/>
    <property name="awt.nativeDoubleBuffering" value="true"/>
    <property name="gopherProxySet" value="false"/>
    <property name="mrj.build" value="11M3909"/>
    <property name="java.vm.vendor" value="Apple Inc."/>
    <property name="java.vendor.url" value="http://www.apple.com/"/>
    <property name="path.separator" value=":"/>
    <property name="java.vm.name" value="Java HotSpot(TM) 64-Bit Server VM"/>
    <property name="file.encoding.pkg" value="sun.io"/>
    <property name="user.country" value="CN"/>
    <property name="sun.java.launcher" value="SUN_STANDARD"/>
    <property name="sun.os.patch.level" value="unknown"/>
    <property name="java.vm.specification.name" value="Java Virtual Machine Specification"/>
    <property name="user.dir" value="/MYMAC/SVN/picStory/server/picStoryServer"/>
    <property name="java.runtime.version" value="1.6.0_37-b06-434-11M3909"/>
    <property name="java.awt.graphicsenv" value="apple.awt.CGraphicsEnvironment"/>
    <property name="basedir" value="/MYMAC/SVN/picStory/server/picStoryServer"/>
    <property name="java.endorsed.dirs" value="/System/Library/Java/JavaVirtualMachines/1.6.0.jdk/Contents/Home/lib/endorsed"/>
    <property name="os.arch" value="x86_64"/>
    <property name="surefire.real.class.path" value="/MYMAC/SVN/picStory/server/picStoryServer/target/surefire/surefirebooter7378106036840704013.jar"/>
    <property name="java.io.tmpdir" value="/var/folders/bt/p0gflp1x7ll_z4pr_p71d2x40000gn/T/"/>
    <property name="line.separator" value="
"/>
    <property name="java.vm.specification.vendor" value="Sun Microsystems Inc."/>
    <property name="os.name" value="Mac OS X"/>
    <property name="sun.jnu.encoding" value="EUC_CN"/>
    <property name="java.library.path" value=".:/Library/Java/Extensions:/System/Library/Java/Extensions:/usr/lib/java"/>
    <property name="surefire.test.class.path" value="/MYMAC/SVN/picStory/server/picStoryServer/target/test-classes:/MYMAC/SVN/picStory/server/picStoryServer/target/classes:/Users/dongyiming/.m2/repository/javax/servlet/jstl/1.2/jstl-1.2.jar:/Users/dongyiming/.m2/repository/javax/servlet/servlet-api/2.5/servlet-api-2.5.jar:/Users/dongyiming/.m2/repository/javax/servlet/jsp/jsp-api/2.1/jsp-api-2.1.jar:/Users/dongyiming/.m2/repository/org/springframework/spring-webmvc/3.1.2.RELEASE/spring-webmvc-3.1.2.RELEASE.jar:/Users/dongyiming/.m2/repository/org/springframework/spring-asm/3.1.2.RELEASE/spring-asm-3.1.2.RELEASE.jar:/Users/dongyiming/.m2/repository/org/springframework/spring-beans/3.1.2.RELEASE/spring-beans-3.1.2.RELEASE.jar:/Users/dongyiming/.m2/repository/org/springframework/spring-context/3.1.2.RELEASE/spring-context-3.1.2.RELEASE.jar:/Users/dongyiming/.m2/repository/org/springframework/spring-aop/3.1.2.RELEASE/spring-aop-3.1.2.RELEASE.jar:/Users/dongyiming/.m2/repository/org/springframework/spring-context-support/3.1.2.RELEASE/spring-context-support-3.1.2.RELEASE.jar:/Users/dongyiming/.m2/repository/org/springframework/spring-core/3.1.2.RELEASE/spring-core-3.1.2.RELEASE.jar:/Users/dongyiming/.m2/repository/org/springframework/spring-expression/3.1.2.RELEASE/spring-expression-3.1.2.RELEASE.jar:/Users/dongyiming/.m2/repository/org/springframework/spring-web/3.1.2.RELEASE/spring-web-3.1.2.RELEASE.jar:/Users/dongyiming/.m2/repository/aopalliance/aopalliance/1.0/aopalliance-1.0.jar:/Users/dongyiming/.m2/repository/org/springframework/spring-orm/3.1.2.RELEASE/spring-orm-3.1.2.RELEASE.jar:/Users/dongyiming/.m2/repository/org/springframework/spring-jdbc/3.1.2.RELEASE/spring-jdbc-3.1.2.RELEASE.jar:/Users/dongyiming/.m2/repository/org/springframework/spring-tx/3.1.2.RELEASE/spring-tx-3.1.2.RELEASE.jar:/Users/dongyiming/.m2/repository/org/springframework/spring-oxm/3.1.2.RELEASE/spring-oxm-3.1.2.RELEASE.jar:/Users/dongyiming/.m2/repository/org/springframework/spring-test/3.1.2.RELEASE/spring-test-3.1.2.RELEASE.jar:/Users/dongyiming/.m2/repository/org/springframework/data/spring-data-jpa/1.1.0.RELEASE/spring-data-jpa-1.1.0.RELEASE.jar:/Users/dongyiming/.m2/repository/org/springframework/data/spring-data-commons-core/1.3.0.RELEASE/spring-data-commons-core-1.3.0.RELEASE.jar:/Users/dongyiming/.m2/repository/junit/junit-dep/4.8.2/junit-dep-4.8.2.jar:/Users/dongyiming/.m2/repository/org/hamcrest/hamcrest-core/1.1/hamcrest-core-1.1.jar:/Users/dongyiming/.m2/repository/org/slf4j/slf4j-api/1.6.1/slf4j-api-1.6.1.jar:/Users/dongyiming/.m2/repository/org/slf4j/jcl-over-slf4j/1.6.1/jcl-over-slf4j-1.6.1.jar:/Users/dongyiming/.m2/repository/org/aspectj/aspectjrt/1.6.12/aspectjrt-1.6.12.jar:/Users/dongyiming/.m2/repository/org/hibernate/hibernate-core/4.1.6.Final/hibernate-core-4.1.6.Final.jar:/Users/dongyiming/.m2/repository/antlr/antlr/2.7.7/antlr-2.7.7.jar:/Users/dongyiming/.m2/repository/org/jboss/logging/jboss-logging/3.1.0.GA/jboss-logging-3.1.0.GA.jar:/Users/dongyiming/.m2/repository/org/jboss/spec/javax/transaction/jboss-transaction-api_1.1_spec/1.0.0.Final/jboss-transaction-api_1.1_spec-1.0.0.Final.jar:/Users/dongyiming/.m2/repository/dom4j/dom4j/1.6.1/dom4j-1.6.1.jar:/Users/dongyiming/.m2/repository/org/javassist/javassist/3.15.0-GA/javassist-3.15.0-GA.jar:/Users/dongyiming/.m2/repository/org/hibernate/common/hibernate-commons-annotations/4.0.1.Final/hibernate-commons-annotations-4.0.1.Final.jar:/Users/dongyiming/.m2/repository/org/apache/struts/struts2-spring-plugin/2.3.4.1/struts2-spring-plugin-2.3.4.1.jar:/Users/dongyiming/.m2/repository/org/apache/commons/commons-lang3/3.1/commons-lang3-3.1.jar:/Users/dongyiming/.m2/repository/org/apache/struts/struts2-core/2.3.4.1/struts2-core-2.3.4.1.jar:/Users/dongyiming/.m2/repository/org/apache/struts/xwork/xwork-core/2.3.4.1/xwork-core-2.3.4.1.jar:/Users/dongyiming/.m2/repository/asm/asm/3.3/asm-3.3.jar:/Users/dongyiming/.m2/repository/asm/asm-commons/3.3/asm-commons-3.3.jar:/Users/dongyiming/.m2/repository/asm/asm-tree/3.3/asm-tree-3.3.jar:/Users/dongyiming/.m2/repository/org/freemarker/freemarker/2.3.19/freemarker-2.3.19.jar:/Users/dongyiming/.m2/repository/ognl/ognl/3.0.5/ognl-3.0.5.jar:/Users/dongyiming/.m2/repository/javassist/javassist/3.11.0.GA/javassist-3.11.0.GA.jar:/Users/dongyiming/.m2/repository/commons-fileupload/commons-fileupload/1.2.2/commons-fileupload-1.2.2.jar:/Users/dongyiming/.m2/repository/commons-io/commons-io/2.0.1/commons-io-2.0.1.jar:/Users/dongyiming/.m2/repository/org/apache/struts/struts2-json-plugin/2.3.4.1/struts2-json-plugin-2.3.4.1.jar:/Users/dongyiming/.m2/repository/org/apache/struts/struts2-jfreechart-plugin/2.3.4.1/struts2-jfreechart-plugin-2.3.4.1.jar:/Users/dongyiming/.m2/repository/org/apache/struts/struts2-dwr-plugin/2.3.4.1/struts2-dwr-plugin-2.3.4.1.jar:/Users/dongyiming/.m2/repository/uk/ltd/getahead/dwr/1.1.1/dwr-1.1.1.jar:/Users/dongyiming/.m2/repository/org/apache/struts/struts2-convention-plugin/2.3.4.1/struts2-convention-plugin-2.3.4.1.jar:/Users/dongyiming/.m2/repository/log4j/log4j/1.2.17/log4j-1.2.17.jar:/Users/dongyiming/.m2/repository/org/lazyluke/log4jdbc-remix/0.2.7/log4jdbc-remix-0.2.7.jar:/Users/dongyiming/.m2/repository/junit/junit/4.7/junit-4.7.jar:/Users/dongyiming/.m2/repository/org/hibernate/javax/persistence/hibernate-jpa-2.0-api/1.0.0.Final/hibernate-jpa-2.0-api-1.0.0.Final.jar:/Users/dongyiming/.m2/repository/org/hibernate/hibernate-entitymanager/4.1.4.Final/hibernate-entitymanager-4.1.4.Final.jar:/Users/dongyiming/.m2/repository/org/slf4j/slf4j-log4j12/1.6.6/slf4j-log4j12-1.6.6.jar:/Users/dongyiming/.m2/repository/joda-time/joda-time/2.1/joda-time-2.1.jar:/Users/dongyiming/.m2/repository/org/aspectj/aspectjweaver/1.7.0/aspectjweaver-1.7.0.jar:/Users/dongyiming/.m2/repository/org/springframework/spring-aspects/3.1.2.RELEASE/spring-aspects-3.1.2.RELEASE.jar:/Users/dongyiming/.m2/repository/org/hibernate/hibernate-validator/4.2.0.Final/hibernate-validator-4.2.0.Final.jar:/Users/dongyiming/.m2/repository/javax/validation/validation-api/1.0.0.GA/validation-api-1.0.0.GA.jar:/Users/dongyiming/.m2/repository/mysql/mysql-connector-java/5.1.21/mysql-connector-java-5.1.21.jar:/Users/dongyiming/.m2/repository/velocity/velocity-dep/1.4/velocity-dep-1.4.jar:/Users/dongyiming/.m2/repository/velocity/velocity/1.4/velocity-1.4.jar:/Users/dongyiming/.m2/repository/org/codehaus/jackson/jackson-mapper-asl/1.9.3/jackson-mapper-asl-1.9.3.jar:/Users/dongyiming/.m2/repository/org/codehaus/jackson/jackson-core-asl/1.9.3/jackson-core-asl-1.9.3.jar:/Users/dongyiming/.m2/repository/net/java/dev/rome/rome/1.0.0/rome-1.0.0.jar:/Users/dongyiming/.m2/repository/jdom/jdom/1.0/jdom-1.0.jar:/Users/dongyiming/.m2/repository/org/mybatis/mybatis/3.1.1/mybatis-3.1.1.jar:/Users/dongyiming/.m2/repository/org/mybatis/mybatis-spring/1.1.1/mybatis-spring-1.1.1.jar:/Users/dongyiming/.m2/repository/org/directwebremoting/dwr/3.0.M1/dwr-3.0.M1.jar:/Users/dongyiming/.m2/repository/org/mortbay/jetty/cometd/6.1.4/cometd-6.1.4.jar:/Users/dongyiming/.m2/repository/org/mortbay/jetty/jetty-util/6.1.4/jetty-util-6.1.4.jar:/Users/dongyiming/.m2/repository/org/springframework/webflow/spring-webflow/2.3.1.RELEASE/spring-webflow-2.3.1.RELEASE.jar:/Users/dongyiming/.m2/repository/commons-logging/commons-logging/1.1.1/commons-logging-1.1.1.jar:/Users/dongyiming/.m2/repository/org/springframework/webflow/spring-binding/2.3.1.RELEASE/spring-binding-2.3.1.RELEASE.jar:/Users/dongyiming/.m2/repository/org/springframework/webflow/spring-js/2.3.1.RELEASE/spring-js-2.3.1.RELEASE.jar:/Users/dongyiming/.m2/repository/org/springframework/webflow/spring-js-resources/2.3.1.RELEASE/spring-js-resources-2.3.1.RELEASE.jar:/Users/dongyiming/.m2/repository/org/apache/ibatis/ibatis-sqlmap/2.3.4.726/ibatis-sqlmap-2.3.4.726.jar:/Users/dongyiming/.m2/repository/com/google/code/simple-spring-memcached/xmemcached-provider/3.1.0/xmemcached-provider-3.1.0.jar:/Users/dongyiming/.m2/repository/com/google/code/simple-spring-memcached/simple-spring-memcached/3.1.0/simple-spring-memcached-3.1.0.jar:/Users/dongyiming/.m2/repository/com/googlecode/xmemcached/xmemcached/1.3.8/xmemcached-1.3.8.jar:"/>
    <property name="java.specification.name" value="Java Platform API Specification"/>
    <property name="java.class.version" value="50.0"/>
    <property name="sun.management.compiler" value="HotSpot 64-Bit Tiered Compilers"/>
    <property name="os.version" value="10.8.2"/>
    <property name="http.nonProxyHosts" value="local|*.local|169.254/16|*.169.254/16"/>
    <property name="user.home" value="/Users/dongyiming"/>
    <property name="user.timezone" value="Asia/Shanghai"/>
    <property name="java.awt.printerjob" value="apple.awt.CPrinterJob"/>
    <property name="java.specification.version" value="1.6"/>
    <property name="file.encoding" value="EUC_CN"/>
    <property name="user.name" value="dongyiming"/>
    <property name="java.class.path" value="/MYMAC/SVN/picStory/server/picStoryServer/target/test-classes:/MYMAC/SVN/picStory/server/picStoryServer/target/classes:/Users/dongyiming/.m2/repository/javax/servlet/jstl/1.2/jstl-1.2.jar:/Users/dongyiming/.m2/repository/javax/servlet/servlet-api/2.5/servlet-api-2.5.jar:/Users/dongyiming/.m2/repository/javax/servlet/jsp/jsp-api/2.1/jsp-api-2.1.jar:/Users/dongyiming/.m2/repository/org/springframework/spring-webmvc/3.1.2.RELEASE/spring-webmvc-3.1.2.RELEASE.jar:/Users/dongyiming/.m2/repository/org/springframework/spring-asm/3.1.2.RELEASE/spring-asm-3.1.2.RELEASE.jar:/Users/dongyiming/.m2/repository/org/springframework/spring-beans/3.1.2.RELEASE/spring-beans-3.1.2.RELEASE.jar:/Users/dongyiming/.m2/repository/org/springframework/spring-context/3.1.2.RELEASE/spring-context-3.1.2.RELEASE.jar:/Users/dongyiming/.m2/repository/org/springframework/spring-aop/3.1.2.RELEASE/spring-aop-3.1.2.RELEASE.jar:/Users/dongyiming/.m2/repository/org/springframework/spring-context-support/3.1.2.RELEASE/spring-context-support-3.1.2.RELEASE.jar:/Users/dongyiming/.m2/repository/org/springframework/spring-core/3.1.2.RELEASE/spring-core-3.1.2.RELEASE.jar:/Users/dongyiming/.m2/repository/org/springframework/spring-expression/3.1.2.RELEASE/spring-expression-3.1.2.RELEASE.jar:/Users/dongyiming/.m2/repository/org/springframework/spring-web/3.1.2.RELEASE/spring-web-3.1.2.RELEASE.jar:/Users/dongyiming/.m2/repository/aopalliance/aopalliance/1.0/aopalliance-1.0.jar:/Users/dongyiming/.m2/repository/org/springframework/spring-orm/3.1.2.RELEASE/spring-orm-3.1.2.RELEASE.jar:/Users/dongyiming/.m2/repository/org/springframework/spring-jdbc/3.1.2.RELEASE/spring-jdbc-3.1.2.RELEASE.jar:/Users/dongyiming/.m2/repository/org/springframework/spring-tx/3.1.2.RELEASE/spring-tx-3.1.2.RELEASE.jar:/Users/dongyiming/.m2/repository/org/springframework/spring-oxm/3.1.2.RELEASE/spring-oxm-3.1.2.RELEASE.jar:/Users/dongyiming/.m2/repository/org/springframework/spring-test/3.1.2.RELEASE/spring-test-3.1.2.RELEASE.jar:/Users/dongyiming/.m2/repository/org/springframework/data/spring-data-jpa/1.1.0.RELEASE/spring-data-jpa-1.1.0.RELEASE.jar:/Users/dongyiming/.m2/repository/org/springframework/data/spring-data-commons-core/1.3.0.RELEASE/spring-data-commons-core-1.3.0.RELEASE.jar:/Users/dongyiming/.m2/repository/junit/junit-dep/4.8.2/junit-dep-4.8.2.jar:/Users/dongyiming/.m2/repository/org/hamcrest/hamcrest-core/1.1/hamcrest-core-1.1.jar:/Users/dongyiming/.m2/repository/org/slf4j/slf4j-api/1.6.1/slf4j-api-1.6.1.jar:/Users/dongyiming/.m2/repository/org/slf4j/jcl-over-slf4j/1.6.1/jcl-over-slf4j-1.6.1.jar:/Users/dongyiming/.m2/repository/org/aspectj/aspectjrt/1.6.12/aspectjrt-1.6.12.jar:/Users/dongyiming/.m2/repository/org/hibernate/hibernate-core/4.1.6.Final/hibernate-core-4.1.6.Final.jar:/Users/dongyiming/.m2/repository/antlr/antlr/2.7.7/antlr-2.7.7.jar:/Users/dongyiming/.m2/repository/org/jboss/logging/jboss-logging/3.1.0.GA/jboss-logging-3.1.0.GA.jar:/Users/dongyiming/.m2/repository/org/jboss/spec/javax/transaction/jboss-transaction-api_1.1_spec/1.0.0.Final/jboss-transaction-api_1.1_spec-1.0.0.Final.jar:/Users/dongyiming/.m2/repository/dom4j/dom4j/1.6.1/dom4j-1.6.1.jar:/Users/dongyiming/.m2/repository/org/javassist/javassist/3.15.0-GA/javassist-3.15.0-GA.jar:/Users/dongyiming/.m2/repository/org/hibernate/common/hibernate-commons-annotations/4.0.1.Final/hibernate-commons-annotations-4.0.1.Final.jar:/Users/dongyiming/.m2/repository/org/apache/struts/struts2-spring-plugin/2.3.4.1/struts2-spring-plugin-2.3.4.1.jar:/Users/dongyiming/.m2/repository/org/apache/commons/commons-lang3/3.1/commons-lang3-3.1.jar:/Users/dongyiming/.m2/repository/org/apache/struts/struts2-core/2.3.4.1/struts2-core-2.3.4.1.jar:/Users/dongyiming/.m2/repository/org/apache/struts/xwork/xwork-core/2.3.4.1/xwork-core-2.3.4.1.jar:/Users/dongyiming/.m2/repository/asm/asm/3.3/asm-3.3.jar:/Users/dongyiming/.m2/repository/asm/asm-commons/3.3/asm-commons-3.3.jar:/Users/dongyiming/.m2/repository/asm/asm-tree/3.3/asm-tree-3.3.jar:/Users/dongyiming/.m2/repository/org/freemarker/freemarker/2.3.19/freemarker-2.3.19.jar:/Users/dongyiming/.m2/repository/ognl/ognl/3.0.5/ognl-3.0.5.jar:/Users/dongyiming/.m2/repository/javassist/javassist/3.11.0.GA/javassist-3.11.0.GA.jar:/Users/dongyiming/.m2/repository/commons-fileupload/commons-fileupload/1.2.2/commons-fileupload-1.2.2.jar:/Users/dongyiming/.m2/repository/commons-io/commons-io/2.0.1/commons-io-2.0.1.jar:/Users/dongyiming/.m2/repository/org/apache/struts/struts2-json-plugin/2.3.4.1/struts2-json-plugin-2.3.4.1.jar:/Users/dongyiming/.m2/repository/org/apache/struts/struts2-jfreechart-plugin/2.3.4.1/struts2-jfreechart-plugin-2.3.4.1.jar:/Users/dongyiming/.m2/repository/org/apache/struts/struts2-dwr-plugin/2.3.4.1/struts2-dwr-plugin-2.3.4.1.jar:/Users/dongyiming/.m2/repository/uk/ltd/getahead/dwr/1.1.1/dwr-1.1.1.jar:/Users/dongyiming/.m2/repository/org/apache/struts/struts2-convention-plugin/2.3.4.1/struts2-convention-plugin-2.3.4.1.jar:/Users/dongyiming/.m2/repository/log4j/log4j/1.2.17/log4j-1.2.17.jar:/Users/dongyiming/.m2/repository/org/lazyluke/log4jdbc-remix/0.2.7/log4jdbc-remix-0.2.7.jar:/Users/dongyiming/.m2/repository/junit/junit/4.7/junit-4.7.jar:/Users/dongyiming/.m2/repository/org/hibernate/javax/persistence/hibernate-jpa-2.0-api/1.0.0.Final/hibernate-jpa-2.0-api-1.0.0.Final.jar:/Users/dongyiming/.m2/repository/org/hibernate/hibernate-entitymanager/4.1.4.Final/hibernate-entitymanager-4.1.4.Final.jar:/Users/dongyiming/.m2/repository/org/slf4j/slf4j-log4j12/1.6.6/slf4j-log4j12-1.6.6.jar:/Users/dongyiming/.m2/repository/joda-time/joda-time/2.1/joda-time-2.1.jar:/Users/dongyiming/.m2/repository/org/aspectj/aspectjweaver/1.7.0/aspectjweaver-1.7.0.jar:/Users/dongyiming/.m2/repository/org/springframework/spring-aspects/3.1.2.RELEASE/spring-aspects-3.1.2.RELEASE.jar:/Users/dongyiming/.m2/repository/org/hibernate/hibernate-validator/4.2.0.Final/hibernate-validator-4.2.0.Final.jar:/Users/dongyiming/.m2/repository/javax/validation/validation-api/1.0.0.GA/validation-api-1.0.0.GA.jar:/Users/dongyiming/.m2/repository/mysql/mysql-connector-java/5.1.21/mysql-connector-java-5.1.21.jar:/Users/dongyiming/.m2/repository/velocity/velocity-dep/1.4/velocity-dep-1.4.jar:/Users/dongyiming/.m2/repository/velocity/velocity/1.4/velocity-1.4.jar:/Users/dongyiming/.m2/repository/org/codehaus/jackson/jackson-mapper-asl/1.9.3/jackson-mapper-asl-1.9.3.jar:/Users/dongyiming/.m2/repository/org/codehaus/jackson/jackson-core-asl/1.9.3/jackson-core-asl-1.9.3.jar:/Users/dongyiming/.m2/repository/net/java/dev/rome/rome/1.0.0/rome-1.0.0.jar:/Users/dongyiming/.m2/repository/jdom/jdom/1.0/jdom-1.0.jar:/Users/dongyiming/.m2/repository/org/mybatis/mybatis/3.1.1/mybatis-3.1.1.jar:/Users/dongyiming/.m2/repository/org/mybatis/mybatis-spring/1.1.1/mybatis-spring-1.1.1.jar:/Users/dongyiming/.m2/repository/org/directwebremoting/dwr/3.0.M1/dwr-3.0.M1.jar:/Users/dongyiming/.m2/repository/org/mortbay/jetty/cometd/6.1.4/cometd-6.1.4.jar:/Users/dongyiming/.m2/repository/org/mortbay/jetty/jetty-util/6.1.4/jetty-util-6.1.4.jar:/Users/dongyiming/.m2/repository/org/springframework/webflow/spring-webflow/2.3.1.RELEASE/spring-webflow-2.3.1.RELEASE.jar:/Users/dongyiming/.m2/repository/commons-logging/commons-logging/1.1.1/commons-logging-1.1.1.jar:/Users/dongyiming/.m2/repository/org/springframework/webflow/spring-binding/2.3.1.RELEASE/spring-binding-2.3.1.RELEASE.jar:/Users/dongyiming/.m2/repository/org/springframework/webflow/spring-js/2.3.1.RELEASE/spring-js-2.3.1.RELEASE.jar:/Users/dongyiming/.m2/repository/org/springframework/webflow/spring-js-resources/2.3.1.RELEASE/spring-js-resources-2.3.1.RELEASE.jar:/Users/dongyiming/.m2/repository/org/apache/ibatis/ibatis-sqlmap/2.3.4.726/ibatis-sqlmap-2.3.4.726.jar:/Users/dongyiming/.m2/repository/com/google/code/simple-spring-memcached/xmemcached-provider/3.1.0/xmemcached-provider-3.1.0.jar:/Users/dongyiming/.m2/repository/com/google/code/simple-spring-memcached/simple-spring-memcached/3.1.0/simple-spring-memcached-3.1.0.jar:/Users/dongyiming/.m2/repository/com/googlecode/xmemcached/xmemcached/1.3.8/xmemcached-1.3.8.jar:"/>
    <property name="java.vm.specification.version" value="1.0"/>
    <property name="sun.arch.data.model" value="64"/>
    <property name="java.home" value="/System/Library/Java/JavaVirtualMachines/1.6.0.jdk/Contents/Home"/>
    <property name="sun.java.command" value="/MYMAC/SVN/picStory/server/picStoryServer/target/surefire/surefirebooter7378106036840704013.jar /MYMAC/SVN/picStory/server/picStoryServer/target/surefire/surefire3413455359938873014tmp /MYMAC/SVN/picStory/server/picStoryServer/target/surefire/surefire3443161421444882799tmp"/>
    <property name="java.specification.vendor" value="Sun Microsystems Inc."/>
    <property name="user.language" value="zh"/>
    <property name="awt.toolkit" value="apple.awt.CToolkit"/>
    <property name="java.vm.info" value="mixed mode"/>
    <property name="java.version" value="1.6.0_37"/>
    <property name="java.ext.dirs" value="/Library/Java/Extensions:/System/Library/Java/Extensions:/System/Library/Java/JavaVirtualMachines/1.6.0.jdk/Contents/Home/lib/ext"/>
    <property name="sun.boot.class.path" value="/System/Library/Java/JavaVirtualMachines/1.6.0.jdk/Contents/Classes/jsfd.jar:/System/Library/Java/JavaVirtualMachines/1.6.0.jdk/Contents/Classes/classes.jar:/System/Library/Frameworks/JavaVM.framework/Frameworks/JavaRuntimeSupport.framework/Resources/Java/JavaRuntimeSupport.jar:/System/Library/Java/JavaVirtualMachines/1.6.0.jdk/Contents/Classes/ui.jar:/System/Library/Java/JavaVirtualMachines/1.6.0.jdk/Contents/Classes/laf.jar:/System/Library/Java/JavaVirtualMachines/1.6.0.jdk/Contents/Classes/sunrsasign.jar:/System/Library/Java/JavaVirtualMachines/1.6.0.jdk/Contents/Classes/jsse.jar:/System/Library/Java/JavaVirtualMachines/1.6.0.jdk/Contents/Classes/jce.jar:/System/Library/Java/JavaVirtualMachines/1.6.0.jdk/Contents/Classes/charsets.jar"/>
    <property name="java.vendor" value="Apple Inc."/>
    <property name="localRepository" value="/Users/dongyiming/.m2/repository"/>
    <property name="file.separator" value="/"/>
    <property name="java.vendor.url.bug" value="http://bugreport.apple.com/"/>
    <property name="sun.cpu.endian" value="little"/>
    <property name="sun.io.unicode.encoding" value="UnicodeLittle"/>
    <property name="mrj.version" value="1070.1.6.0_37-434"/>
    <property name="socksNonProxyHosts" value="local|*.local|169.254/16|*.169.254/16"/>
    <property name="ftp.nonProxyHosts" value="local|*.local|169.254/16|*.169.254/16"/>
    <property name="sun.cpu.isalist" value=""/>
  </properties>
  <testcase time="1.837" classname="com.towne.framework.hibernate.service.impl.EmployeeServiceImplTest" name="save"/>
</testsuite>